<?xml version="1.0" encoding="UTF-8"?>
<!-- Generated by org.testng.reporters.JUnitXMLReporter -->
<testsuite ignored="0" hostname="TALAN-85GS7FK" failures="0" tests="0" name="Surefire test" time="0.15" errors="0" timestamp="24 oct. 2022 09:22:03 GMT">
  <testcase classname="io.cucumber.testng.AbstractTestNGCucumberTests" name="@BeforeClass setUpClass" time="0.136">
    <failure type="io.cucumber.core.exception.CucumberException" message="java.lang.ExceptionInInitializerError">
      <![CDATA[io.cucumber.core.exception.CucumberException: java.lang.ExceptionInInitializerError
at io.cucumber.core.plugin.PluginFactory.newInstance(PluginFactory.java:120)
at io.cucumber.core.plugin.PluginFactory.instantiate(PluginFactory.java:99)
at io.cucumber.core.plugin.PluginFactory.create(PluginFactory.java:63)
at io.cucumber.core.plugin.Plugins.createPlugins(Plugins.java:32)
at io.cucumber.core.plugin.Plugins.<init>(Plugins.java:25)
at io.cucumber.testng.TestNGCucumberRunner.<init>(TestNGCucumberRunner.java:92)
at io.cucumber.testng.AbstractTestNGCucumberTests.setUpClass(AbstractTestNGCucumberTests.java:23)
at java.base/java.util.concurrent.ThreadPoolExecutor.runWorker(ThreadPoolExecutor.java:1167)
at java.base/java.util.concurrent.ThreadPoolExecutor$Worker.run(ThreadPoolExecutor.java:641)
at java.base/java.lang.Thread.run(Thread.java:844)
Caused by: java.lang.ExceptionInInitializerError
at com.aventstack.extentreports.service.ExtentService.getInstance(ExtentService.java:38)
at com.aventstack.extentreports.cucumber.adapter.ExtentCucumberAdapter.<init>(ExtentCucumberAdapter.java:141)
at io.cucumber.core.plugin.PluginFactory.newInstance(PluginFactory.java:116)
... 20 more
Caused by: java.lang.NullPointerException
at com.aventstack.extentreports.service.ExtentService$ExtentReportsLoader.base64PngImageStyle(ExtentService.java:264)
at com.aventstack.extentreports.service.ExtentService$ExtentReportsLoader.initSpark(ExtentService.java:242)
at com.aventstack.extentreports.service.ExtentService$ExtentReportsLoader.createViaSystem(ExtentService.java:167)
at com.aventstack.extentreports.service.ExtentService$ExtentReportsLoader.<clinit>(ExtentService.java:119)
... 27 more
... Removed 15 stack frames]]>
    </failure>
  </testcase> <!-- @BeforeClass setUpClass -->
</testsuite> <!-- Surefire test -->
