<?xml version="1.0" encoding="UTF-8"?>
<testng-results ignored="0" total="5" passed="5" failed="0" skipped="0">
  <reporter-output>
  </reporter-output>
  <suite started-at="2022-10-26T08:10:49Z" name="Default suite" finished-at="2022-10-26T08:11:19Z" duration-ms="29934">
    <groups>
      <group name="cucumber">
        <method signature="AbstractTestNGCucumberTests.runScenario(io.cucumber.testng.PickleWrapper, io.cucumber.testng.FeatureWrapper)[pri:0, instance:parallel.ParallelRun@60129b9a]" name="runScenario" class="io.cucumber.testng.AbstractTestNGCucumberTests"/>
      </group> <!-- cucumber -->
    </groups>
    <test started-at="2022-10-26T08:10:49Z" name="Default test" finished-at="2022-10-26T08:11:19Z" duration-ms="29934">
      <class name="parallel.ParallelRun">
        <test-method is-config="true" signature="setUpClass()[pri:0, instance:parallel.ParallelRun@60129b9a]" started-at="2022-10-26T08:10:49Z" name="setUpClass" finished-at="2022-10-26T08:10:50Z" duration-ms="621" status="PASS">
          <reporter-output>
          </reporter-output>
        </test-method> <!-- setUpClass -->
        <test-method signature="runScenario(io.cucumber.testng.PickleWrapper, io.cucumber.testng.FeatureWrapper)[pri:0, instance:parallel.ParallelRun@60129b9a]" started-at="2022-10-26T08:10:50Z" name="runScenario" description="Runs Cucumber Scenarios" data-provider="scenarios" finished-at="2022-10-26T08:11:06Z" duration-ms="16113" status="PASS">
          <params>
            <param index="0">
              <value>
                <![CDATA["Login page title"]]>
              </value>
            </param>
            <param index="1">
              <value>
                <![CDATA["Optional[Login page feature]"]]>
              </value>
            </param>
          </params>
          <reporter-output>
          </reporter-output>
        </test-method> <!-- runScenario -->
        <test-method signature="runScenario(io.cucumber.testng.PickleWrapper, io.cucumber.testng.FeatureWrapper)[pri:0, instance:parallel.ParallelRun@60129b9a]" started-at="2022-10-26T08:10:50Z" name="runScenario" description="Runs Cucumber Scenarios" data-provider="scenarios" finished-at="2022-10-26T08:11:14Z" duration-ms="24268" status="PASS">
          <params>
            <param index="0">
              <value>
                <![CDATA["Accounts page title"]]>
              </value>
            </param>
            <param index="1">
              <value>
                <![CDATA["Optional[Account Page Feature]"]]>
              </value>
            </param>
          </params>
          <reporter-output>
          </reporter-output>
        </test-method> <!-- runScenario -->
        <test-method signature="runScenario(io.cucumber.testng.PickleWrapper, io.cucumber.testng.FeatureWrapper)[pri:0, instance:parallel.ParallelRun@60129b9a]" started-at="2022-10-26T08:10:50Z" name="runScenario" description="Runs Cucumber Scenarios" data-provider="scenarios" finished-at="2022-10-26T08:11:15Z" duration-ms="24739" status="PASS">
          <params>
            <param index="0">
              <value>
                <![CDATA["Accounts section count"]]>
              </value>
            </param>
            <param index="1">
              <value>
                <![CDATA["Optional[Account Page Feature]"]]>
              </value>
            </param>
          </params>
          <reporter-output>
          </reporter-output>
        </test-method> <!-- runScenario -->
        <test-method signature="runScenario(io.cucumber.testng.PickleWrapper, io.cucumber.testng.FeatureWrapper)[pri:0, instance:parallel.ParallelRun@60129b9a]" started-at="2022-10-26T08:10:50Z" name="runScenario" description="Runs Cucumber Scenarios" data-provider="scenarios" finished-at="2022-10-26T08:11:15Z" duration-ms="24961" status="PASS">
          <params>
            <param index="0">
              <value>
                <![CDATA["Login with correct credentials"]]>
              </value>
            </param>
            <param index="1">
              <value>
                <![CDATA["Optional[Login page feature]"]]>
              </value>
            </param>
          </params>
          <reporter-output>
          </reporter-output>
        </test-method> <!-- runScenario -->
        <test-method signature="runScenario(io.cucumber.testng.PickleWrapper, io.cucumber.testng.FeatureWrapper)[pri:0, instance:parallel.ParallelRun@60129b9a]" started-at="2022-10-26T08:10:50Z" name="runScenario" description="Runs Cucumber Scenarios" data-provider="scenarios" finished-at="2022-10-26T08:11:05Z" duration-ms="15616" status="PASS">
          <params>
            <param index="0">
              <value>
                <![CDATA["Forgot Password link"]]>
              </value>
            </param>
            <param index="1">
              <value>
                <![CDATA["Optional[Login page feature]"]]>
              </value>
            </param>
          </params>
          <reporter-output>
          </reporter-output>
        </test-method> <!-- runScenario -->
        <test-method is-config="true" signature="tearDownClass()[pri:0, instance:parallel.ParallelRun@60129b9a]" started-at="2022-10-26T08:11:15Z" name="tearDownClass" finished-at="2022-10-26T08:11:19Z" duration-ms="4332" status="PASS">
          <reporter-output>
          </reporter-output>
        </test-method> <!-- tearDownClass -->
      </class> <!-- parallel.ParallelRun -->
    </test> <!-- Default test -->
  </suite> <!-- Default suite -->
</testng-results>
